<?xml version="1.0" encoding="UTF-8"?>
<!-- Generated by org.testng.reporters.JUnitReportReporter -->
<testsuite skipped="0" hostname="LAPTOP-OGUBGQ1C" name="com.sevenrmart.qa.testcases.VerifyManageOfferCodeTest" tests="2" failures="0" timestamp="2022-04-26T17:36:04 IST" time="6.040" errors="0">
  <testcase name="verifyManageOfferCode" time="1.449" classname="com.sevenrmart.qa.testcases.VerifyManageOfferCodeTest"/>
  <system-out/>
  <testcase name="verifyAddOffer" time="4.591" classname="com.sevenrmart.qa.testcases.VerifyManageOfferCodeTest"/>
  <system-out/>
</testsuite> <!-- com.sevenrmart.qa.testcases.VerifyManageOfferCodeTest -->
