<?xml version="1.0" encoding="UTF-8"?>
<!-- Generated by org.testng.reporters.JUnitReportReporter -->
<testsuite skipped="0" hostname="LAPTOP-OGUBGQ1C" name="com.sevenrmart.qa.testcases.VeifyMobileSlider" tests="3" failures="0" timestamp="2022-04-19T23:45:28 IST" time="8.243" errors="0">
  <testcase name="verifyMobileSlider" time="2.138" classname="com.sevenrmart.qa.testcases.VeifyMobileSlider"/>
  <system-out/>
  <testcase name="verifyPage" time="0.132" classname="com.sevenrmart.qa.testcases.VeifyMobileSlider"/>
  <system-out/>
  <testcase name="verifyAddMobileSlider" time="5.973" classname="com.sevenrmart.qa.testcases.VeifyMobileSlider"/>
  <system-out/>
</testsuite> <!-- com.sevenrmart.qa.testcases.VeifyMobileSlider -->
