<?xml version="1.0" encoding="UTF-8"?>
<!-- Generated by org.testng.reporters.JUnitReportReporter -->
<testsuite skipped="0" hostname="LAPTOP-OGUBGQ1C" name="com.sevenrmart.qa.testcases.VerifyVerifyUserTest" tests="2" failures="0" timestamp="2022-04-26T17:53:17 IST" time="3.053" errors="0">
  <testcase name="verifyUserActions" time="1.091" classname="com.sevenrmart.qa.testcases.VerifyVerifyUserTest"/>
  <system-out/>
  <testcase name="verifySearchAction" time="1.962" classname="com.sevenrmart.qa.testcases.VerifyVerifyUserTest"/>
  <system-out/>
</testsuite> <!-- com.sevenrmart.qa.testcases.VerifyVerifyUserTest -->
