<?xml version="1.0" encoding="UTF-8"?>
<!-- Generated by org.testng.reporters.JUnitReportReporter -->
<testsuite skipped="0" hostname="LAPTOP-OGUBGQ1C" name="com.sevenrmart.qa.testcases.VerifyManageUsersTest" tests="2" failures="0" timestamp="2022-04-26T17:51:54 IST" time="2.041" errors="0">
  <testcase name="manageUserAction" time="1.126" classname="com.sevenrmart.qa.testcases.VerifyManageUsersTest"/>
  <system-out/>
  <testcase name="verifySearch" time="0.915" classname="com.sevenrmart.qa.testcases.VerifyManageUsersTest"/>
  <system-out/>
</testsuite> <!-- com.sevenrmart.qa.testcases.VerifyManageUsersTest -->
