<?xml version="1.0" encoding="UTF-8"?>
<!-- Generated by org.testng.reporters.JUnitReportReporter -->
<testsuite skipped="0" hostname="LAPTOP-OGUBGQ1C" name="com.sevenrmart.qa.testcases.VerifyManageFooterTest" tests="2" failures="0" timestamp="2022-04-26T17:54:45 IST" time="3.288" errors="0">
  <testcase name="manageFooterLogin" time="1.822" classname="com.sevenrmart.qa.testcases.VerifyManageFooterTest"/>
  <system-out/>
  <testcase name="verifyEditAction" time="1.466" classname="com.sevenrmart.qa.testcases.VerifyManageFooterTest"/>
  <system-out/>
</testsuite> <!-- com.sevenrmart.qa.testcases.VerifyManageFooterTest -->
