<?xml version="1.0" encoding="UTF-8"?>
<!-- Generated by org.testng.reporters.JUnitReportReporter -->
<testsuite skipped="0" hostname="LAPTOP-OGUBGQ1C" name="com.sevenrmart.qa.testcases.VerifyManageGroupPageTest" tests="2" failures="0" timestamp="2022-04-26T17:44:24 IST" time="3.905" errors="0">
  <testcase name="verifyManagegroupLogin" time="1.227" classname="com.sevenrmart.qa.testcases.VerifyManageGroupPageTest"/>
  <system-out/>
  <testcase name="verifyGroupAction" time="2.678" classname="com.sevenrmart.qa.testcases.VerifyManageGroupPageTest"/>
  <system-out/>
</testsuite> <!-- com.sevenrmart.qa.testcases.VerifyManageGroupPageTest -->
