<?xml version="1.0" encoding="UTF-8"?>
<!-- Generated by org.testng.reporters.JUnitReportReporter -->
<testsuite skipped="0" hostname="LAPTOP-OGUBGQ1C" name="com.sevenrmart.qa.testcases.VerifyManageContactPageTest" tests="3" failures="0" timestamp="2022-04-26T17:40:13 IST" time="2.928" errors="0">
  <testcase name="verifyManageContact" time="1.219" classname="com.sevenrmart.qa.testcases.VerifyManageContactPageTest"/>
  <system-out/>
  <testcase name="verifyPage" time="0.001" classname="com.sevenrmart.qa.testcases.VerifyManageContactPageTest"/>
  <system-out/>
  <testcase name="verifyEditContact" time="1.708" classname="com.sevenrmart.qa.testcases.VerifyManageContactPageTest"/>
  <system-out/>
</testsuite> <!-- com.sevenrmart.qa.testcases.VerifyManageContactPageTest -->
