<?xml version="1.0" encoding="UTF-8"?>
<!-- Generated by org.testng.reporters.JUnitReportReporter -->
<testsuite skipped="0" hostname="LAPTOP-OGUBGQ1C" name="com.sevenrmart.qa.testcases.VerifyPushNotificationTest" tests="3" failures="0" timestamp="2022-04-26T17:52:30 IST" time="2.965" errors="0">
  <testcase name="notification" time="1.105" classname="com.sevenrmart.qa.testcases.VerifyPushNotificationTest"/>
  <system-out/>
  <testcase name="verifyPage" time="0.002" classname="com.sevenrmart.qa.testcases.VerifyPushNotificationTest"/>
  <system-out/>
  <testcase name="verifyNotification" time="1.858" classname="com.sevenrmart.qa.testcases.VerifyPushNotificationTest"/>
  <system-out/>
</testsuite> <!-- com.sevenrmart.qa.testcases.VerifyPushNotificationTest -->
