<?xml version="1.0" encoding="UTF-8"?>
<!-- Generated by org.testng.reporters.JUnitReportReporter -->
<testsuite skipped="0" hostname="LAPTOP-OGUBGQ1C" name="com.sevenrmart.qa.testcases.VerifyManageSliderTest" tests="2" failures="0" timestamp="2022-04-26T17:50:49 IST" time="4.788" errors="0">
  <testcase name="verifyManageSliderLogin" time="1.542" classname="com.sevenrmart.qa.testcases.VerifyManageSliderTest"/>
  <system-out/>
  <testcase name="verifyNewSlider" time="3.246" classname="com.sevenrmart.qa.testcases.VerifyManageSliderTest"/>
  <system-out/>
</testsuite> <!-- com.sevenrmart.qa.testcases.VerifyManageSliderTest -->
