<?xml version="1.0" encoding="UTF-8"?>
<!-- Generated by org.testng.reporters.JUnitReportReporter -->
<testsuite skipped="0" hostname="LAPTOP-OGUBGQ1C" name="com.sevenrmart.qa.testcases.VerifyManageDelivBoyTest" tests="3" failures="0" timestamp="2022-04-21T07:01:01 IST" time="5.130" errors="0">
  <testcase name="verifyDeliveryLogin" time="1.432" classname="com.sevenrmart.qa.testcases.VerifyManageDelivBoyTest"/>
  <system-out/>
  <testcase name="verifyPageElement" time="0.162" classname="com.sevenrmart.qa.testcases.VerifyManageDelivBoyTest"/>
  <system-out/>
  <testcase name="verifyNewDelivery" time="3.536" classname="com.sevenrmart.qa.testcases.VerifyManageDelivBoyTest"/>
  <system-out/>
</testsuite> <!-- com.sevenrmart.qa.testcases.VerifyManageDelivBoyTest -->
