<?xml version="1.0" encoding="UTF-8"?>
<!-- Generated by org.testng.reporters.JUnitReportReporter -->
<testsuite skipped="0" hostname="LAPTOP-OGUBGQ1C" name="com.sevenrmart.qa.testcases.VerifyManageCodPageTest" tests="2" failures="0" timestamp="2022-04-26T17:46:50 IST" time="2.086" errors="0">
  <testcase name="VerifyManageCodLogin" time="1.173" classname="com.sevenrmart.qa.testcases.VerifyManageCodPageTest"/>
  <system-out/>
  <testcase name="verifyAddCod" time="0.913" classname="com.sevenrmart.qa.testcases.VerifyManageCodPageTest"/>
  <system-out/>
</testsuite> <!-- com.sevenrmart.qa.testcases.VerifyManageCodPageTest -->
