<?xml version="1.0" encoding="UTF-8"?>
<!-- Generated by org.testng.reporters.JUnitReportReporter -->
<testsuite skipped="0" hostname="LAPTOP-OGUBGQ1C" name="com.sevenrmart.qa.testcases.VerifyManageNewsPageTest" tests="3" failures="0" timestamp="2022-04-19T23:51:28 IST" time="4.597" errors="0">
  <testcase name="verifyManageNewsLogin" time="1.855" classname="com.sevenrmart.qa.testcases.VerifyManageNewsPageTest"/>
  <system-out/>
  <testcase name="verifyPage" time="0.056" classname="com.sevenrmart.qa.testcases.VerifyManageNewsPageTest"/>
  <system-out/>
  <testcase name="verifyNewAction" time="2.686" classname="com.sevenrmart.qa.testcases.VerifyManageNewsPageTest"/>
  <system-out/>
</testsuite> <!-- com.sevenrmart.qa.testcases.VerifyManageNewsPageTest -->
