<?xml version="1.0" encoding="UTF-8"?>
<!-- Generated by org.testng.reporters.JUnitReportReporter -->
<testsuite skipped="0" hostname="LAPTOP-OGUBGQ1C" name="com.sevenrmart.qa.testcases.VerifyingExpenseCategoryPageTest" tests="3" failures="0" timestamp="2022-04-26T17:37:51 IST" time="4.156" errors="0">
  <testcase name="expenseAction" time="1.793" classname="com.sevenrmart.qa.testcases.VerifyingExpenseCategoryPageTest"/>
  <system-out/>
  <testcase name="expenseVerification" time="0.035" classname="com.sevenrmart.qa.testcases.VerifyingExpenseCategoryPageTest"/>
  <system-out/>
  <testcase name="newVerification" time="2.328" classname="com.sevenrmart.qa.testcases.VerifyingExpenseCategoryPageTest"/>
  <system-out/>
</testsuite> <!-- com.sevenrmart.qa.testcases.VerifyingExpenseCategoryPageTest -->
