<?xml version="1.0" encoding="UTF-8"?>
<!-- Generated by org.testng.reporters.JUnitReportReporter -->
<testsuite skipped="0" hostname="LAPTOP-OGUBGQ1C" name="com.sevenrmart.qa.testcases.VerifyManagePaymentMethod" tests="3" failures="0" timestamp="2022-04-26T17:50:01 IST" time="3.741" errors="0">
  <testcase name="VerifyManagePayment" time="1.135" classname="com.sevenrmart.qa.testcases.VerifyManagePaymentMethod"/>
  <system-out/>
  <testcase name="verifyPageElement" time="0.001" classname="com.sevenrmart.qa.testcases.VerifyManagePaymentMethod"/>
  <system-out/>
  <testcase name="VerifyEditPayment" time="2.605" classname="com.sevenrmart.qa.testcases.VerifyManagePaymentMethod"/>
  <system-out/>
</testsuite> <!-- com.sevenrmart.qa.testcases.VerifyManagePaymentMethod -->
