<?xml version="1.0" encoding="UTF-8"?>
<!-- Generated by org.testng.reporters.JUnitReportReporter -->
<testsuite skipped="0" hostname="LAPTOP-OGUBGQ1C" name="com.sevenrmart.qa.testcases.VerifyingLoginPageTest" tests="2" failures="0" timestamp="2022-04-19T23:46:24 IST" time="1.047" errors="0">
  <testcase name="login" time="0.968" classname="com.sevenrmart.qa.testcases.VerifyingLoginPageTest"/>
  <system-out/>
  <testcase name="loginverification" time="0.079" classname="com.sevenrmart.qa.testcases.VerifyingLoginPageTest"/>
  <system-out/>
</testsuite> <!-- com.sevenrmart.qa.testcases.VerifyingLoginPageTest -->
