<?xml version="1.0" encoding="UTF-8"?>
<!-- Generated by org.testng.reporters.JUnitReportReporter -->
<testsuite skipped="0" hostname="LAPTOP-OGUBGQ1C" name="com.sevenrmart.qa.testcases.VerifyingManageExpensePageTest" tests="4" failures="0" timestamp="2022-04-26T17:38:46 IST" time="11.240" errors="0">
  <testcase name="manageExp" time="2.434" classname="com.sevenrmart.qa.testcases.VerifyingManageExpensePageTest"/>
  <system-out/>
  <testcase name="manageVerification" time="0.003" classname="com.sevenrmart.qa.testcases.VerifyingManageExpensePageTest"/>
  <system-out/>
  <testcase name="verifyOperations" time="4.866" classname="com.sevenrmart.qa.testcases.VerifyingManageExpensePageTest"/>
  <system-out/>
  <testcase name="verifySearch" time="3.937" classname="com.sevenrmart.qa.testcases.VerifyingManageExpensePageTest"/>
  <system-out/>
</testsuite> <!-- com.sevenrmart.qa.testcases.VerifyingManageExpensePageTest -->
