<?xml version="1.0" encoding="UTF-8"?>
<!-- Generated by org.testng.reporters.JUnitReportReporter -->
<testsuite skipped="0" hostname="LAPTOP-OGUBGQ1C" name="com.sevenrmart.qa.testcases.VerifyAdminUsersPageTest" tests="3" failures="0" timestamp="2022-04-26T17:36:54 IST" time="3.974" errors="0">
  <testcase name="verifyAdminUsersLogin" time="1.157" classname="com.sevenrmart.qa.testcases.VerifyAdminUsersPageTest"/>
  <system-out/>
  <testcase name="verifyadminUserPage" time="0.002" classname="com.sevenrmart.qa.testcases.VerifyAdminUsersPageTest"/>
  <system-out/>
  <testcase name="verifyAddAdminUsers" time="2.815" classname="com.sevenrmart.qa.testcases.VerifyAdminUsersPageTest"/>
  <system-out/>
</testsuite> <!-- com.sevenrmart.qa.testcases.VerifyAdminUsersPageTest -->
