<?xml version="1.0" encoding="UTF-8"?>
<!-- Generated by org.testng.reporters.JUnitReportReporter -->
<testsuite skipped="0" hostname="LAPTOP-OGUBGQ1C" name="com.sevenrmart.qa.testcases.VerifyManageOrderTest" tests="3" failures="0" timestamp="2022-04-26T17:47:28 IST" time="4.483" errors="0">
  <testcase name="manageOrder" time="1.874" classname="com.sevenrmart.qa.testcases.VerifyManageOrderTest"/>
  <system-out/>
  <testcase name="pageVerify" time="0.001" classname="com.sevenrmart.qa.testcases.VerifyManageOrderTest"/>
  <system-out/>
  <testcase name="verifyOrder" time="2.608" classname="com.sevenrmart.qa.testcases.VerifyManageOrderTest"/>
  <system-out/>
</testsuite> <!-- com.sevenrmart.qa.testcases.VerifyManageOrderTest -->
